<?xml version="1.0" encoding="UTF-8"?>
<testng-results skipped="0" failed="0" ignored="0" total="1" passed="1">
  <reporter-output>
  </reporter-output>
  <suite name="Default suite" duration-ms="3544" started-at="2021-07-29T17:00:48 CDT" finished-at="2021-07-29T17:00:52 CDT">
    <groups>
    </groups>
    <test name="Default test" duration-ms="3544" started-at="2021-07-29T17:00:48 CDT" finished-at="2021-07-29T17:00:52 CDT">
      <class name="test.CategoryTest">
        <test-method status="PASS" signature="userShouldBeAbleToAddNewCategoryAndDisplay()[pri:0, instance:test.CategoryTest@1786dec2]" name="userShouldBeAbleToAddNewCategoryAndDisplay" duration-ms="3507" started-at="2021-07-29T17:00:48 CDT" finished-at="2021-07-29T17:00:52 CDT">
          <reporter-output>
          </reporter-output>
        </test-method> <!-- userShouldBeAbleToAddNewCategoryAndDisplay -->
      </class> <!-- test.CategoryTest -->
    </test> <!-- Default test -->
  </suite> <!-- Default suite -->
</testng-results>
